Testing: 
FAIL: Swift(macosx-x86_64) :: SILOptimizer/cse_objc.sil (6 of 775)
******************** TEST 'Swift(macosx-x86_64) :: SILOptimizer/cse_objc.sil' FAILED ********************
Script:
--
: 'RUN: at line 1';   xcrun --toolchain default --sdk '/Applications/Xcode.app/Contents/Developer/Platforms/MacOSX.platform/Developer/SDKs/MacOSX11.3.sdk' /Users/justinfargnoli/Documents/projects/sil-alive/swift-project/build/Ninja-ReleaseAssert/swift-macosx-x86_64/bin/sil-opt -target x86_64-apple-macosx10.15  -module-cache-path /Users/justinfargnoli/Documents/projects/sil-alive/swift-project/build/Ninja-ReleaseAssert/swift-macosx-x86_64/swift-test-results/x86_64-apple-macosx10.15/clang-module-cache  --translation-validation  -enable-sil-verify-all /Users/justinfargnoli/Documents/projects/sil-alive/swift-project/swift/test/SILOptimizer/cse_objc.sil -cse | /Library/Frameworks/Python.framework/Versions/3.9/bin/python3 /Users/justinfargnoli/Documents/projects/sil-alive/swift-project/swift/utils/PathSanitizingFileCheck --sanitize BUILD_DIR=/Users/justinfargnoli/Documents/projects/sil-alive/swift-project/build/Ninja-ReleaseAssert/swift-macosx-x86_64 --sanitize SOURCE_DIR=/Users/justinfargnoli/Documents/projects/sil-alive/swift-project/swift --use-filecheck /Users/justinfargnoli/Documents/projects/sil-alive/swift-project/build/Ninja-ReleaseAssert/llvm-macosx-x86_64/bin/FileCheck  /Users/justinfargnoli/Documents/projects/sil-alive/swift-project/swift/test/SILOptimizer/cse_objc.sil
--
Exit Code: 2

Command Output (stderr):
--
Begin Error in Function: 'cse_objc_protocol'
Found an operand with a value that is not compatible with the operand's operand ownership kind map.
Value:   %0 = objc_protocol #XX : $Protocol              // user: %2
Value Ownership Kind: unowned
Instruction:
     %0 = objc_protocol #XX : $Protocol           // user: %2
     %1 = objc_protocol #XX : $Protocol           // user: %2
->   %2 = tuple (%0 : $Protocol, %1 : $Protocol)
Constraint: <Constraint Kind:none LifetimeConstraint:NonLifetimeEnding>
End Error in Function: 'cse_objc_protocol'
Found ownership error?!
triggering standard assertion failure routine
UNREACHABLE executed at /Users/justinfargnoli/Documents/projects/sil-alive/swift-project/swift/lib/SIL/Verifier/LinearLifetimeCheckerPrivate.h:211!
Please submit a bug report (https://swift.org/contributing/#reporting-bugs) and include the project and the crash backtrace.
Stack dump:
0.	Program arguments: /Users/justinfargnoli/Documents/projects/sil-alive/swift-project/build/Ninja-ReleaseAssert/swift-macosx-x86_64/bin/sil-opt -target x86_64-apple-macosx10.15 -module-cache-path /Users/justinfargnoli/Documents/projects/sil-alive/swift-project/build/Ninja-ReleaseAssert/swift-macosx-x86_64/swift-test-results/x86_64-apple-macosx10.15/clang-module-cache --translation-validation -enable-sil-verify-all /Users/justinfargnoli/Documents/projects/sil-alive/swift-project/swift/test/SILOptimizer/cse_objc.sil -cse
1.	While evaluating request ExecuteSILPipelineRequest(Run pipelines { Pass List Pipeline } on SIL for main)
2.	While running pass #0 SILModuleTransform "TranslationValidation".
Stack dump without symbol names (ensure you have llvm-symbolizer in your PATH or set the environment var `LLVM_SYMBOLIZER_PATH` to point to it):
0  sil-opt                  0x0000000111b0ead7 llvm::sys::PrintStackTrace(llvm::raw_ostream&, int) + 39
1  sil-opt                  0x0000000111b0d7e8 llvm::sys::RunSignalHandlers() + 248
2  sil-opt                  0x0000000111b0f146 SignalHandler(int) + 262
3  libsystem_platform.dylib 0x00007fff20462d7d _sigtramp + 29
4  libdyld.dylib            0x00007fff20437ce8 _dyld_fast_stub_entry(void*, long) + 65
5  libsystem_c.dylib        0x00007fff20372406 abort + 125
6  sil-opt                  0x0000000111a46432 llvm::llvm_unreachable_internal(char const*, char const*, unsigned int) + 482
7  sil-opt                  0x000000010b204394 swift::LinearLifetimeChecker::ErrorBuilder::handleError(llvm::function_ref<void ()>&&, bool) const + 580
8  sil-opt                  0x000000010b2038df swift::SILInstruction::verifyOperandOwnership() const + 623
9  sil-opt                  0x000000010b2a9b03 swift::SILBuilder::insertImpl(swift::SILInstruction*) + 147
10 sil-opt                  0x000000010b0e9942 swift::SILBuilder::createTuple(swift::SILLocation, swift::SILType, llvm::ArrayRef<swift::SILValue>, swift::ValueOwnershipKind) + 210
11 sil-opt                  0x000000010b1e5f44 swift::SILCloner<swift::SILFunctionCloner>::visitTupleInst(swift::TupleInst*) + 180
12 sil-opt                  0x000000010b1de575 swift::SILCloner<swift::SILFunctionCloner>::visitBlocksDepthFirst(swift::SILBasicBlock*) + 485
13 sil-opt                  0x000000010b1de327 swift::SILCloner<swift::SILFunctionCloner>::cloneFunctionBody(swift::SILFunction*, swift::SILBasicBlock*, llvm::ArrayRef<swift::SILValue>, bool) + 567
14 sil-opt                  0x000000010b1ddd0d swift::SILFunctionCloner::cloneFunction(swift::SILFunction*) + 189
15 sil-opt                  0x000000010b1dd8f4 swift::cloneModule(swift::SILModule&) + 964
16 sil-opt                  0x000000010c682d6b swift::aliveIRGen(swift::SILModule&) + 27
17 sil-opt                  0x000000010c684ed1 swift::translationValidationOptimizationPass(swift::SILModule&) + 49
18 sil-opt                  0x000000010b7c2f12 (anonymous namespace)::TranslationValidation::run() + 18
19 sil-opt                  0x000000010b6508f1 swift::SILPassManager::runModulePass(unsigned int) + 689
20 sil-opt                  0x000000010b65710a swift::SILPassManager::execute() + 666
21 sil-opt                  0x000000010b64c6e8 swift::SILPassManager::executePassPipelinePlan(swift::SILPassPipelinePlan const&) + 72
22 sil-opt                  0x000000010b64c653 swift::ExecuteSILPipelineRequest::evaluate(swift::Evaluator&, swift::SILPipelineExecutionDescriptor) const + 51
23 sil-opt                  0x000000010b6759ad swift::SimpleRequest<swift::ExecuteSILPipelineRequest, std::__1::tuple<> (swift::SILPipelineExecutionDescriptor), (swift::RequestFlags)1>::evaluateRequest(swift::ExecuteSILPipelineRequest const&, swift::Evaluator&) + 29
24 sil-opt                  0x000000010b65e84b llvm::Expected<swift::ExecuteSILPipelineRequest::OutputType> swift::Evaluator::getResultUncached<swift::ExecuteSILPipelineRequest>(swift::ExecuteSILPipelineRequest const&) + 267
25 sil-opt                  0x000000010b64c914 swift::executePassPipelinePlan(swift::SILModule*, swift::SILPassPipelinePlan const&, bool, swift::irgen::IRGenModule*) + 68
26 sil-opt                  0x000000010add9ce1 main + 4641
27 libdyld.dylib            0x00007fff20438f3d start + 1
FileCheck error: '<stdin>' is empty.
FileCheck command line:  /Users/justinfargnoli/Documents/projects/sil-alive/swift-project/build/Ninja-ReleaseAssert/llvm-macosx-x86_64/bin/FileCheck /Users/justinfargnoli/Documents/projects/sil-alive/swift-project/swift/test/SILOptimizer/cse_objc.sil


********************
Testing: 
FAIL: Swift(macosx-x86_64) :: SILOptimizer/cross-module-optimization-objc.swift (16 of 775)
******************** TEST 'Swift(macosx-x86_64) :: SILOptimizer/cross-module-optimization-objc.swift' FAILED ********************
Script:
--
: 'RUN: at line 3';   rm -rf "/Users/justinfargnoli/Documents/projects/sil-alive/swift-project/build/Ninja-ReleaseAssert/swift-macosx-x86_64/test-macosx-x86_64/SILOptimizer/Output/cross-module-optimization-objc.swift.tmp" && mkdir -p "/Users/justinfargnoli/Documents/projects/sil-alive/swift-project/build/Ninja-ReleaseAssert/swift-macosx-x86_64/test-macosx-x86_64/SILOptimizer/Output/cross-module-optimization-objc.swift.tmp"
: 'RUN: at line 4';   xcrun --toolchain default --sdk '/Applications/Xcode.app/Contents/Developer/Platforms/MacOSX.platform/Developer/SDKs/MacOSX11.3.sdk' /Users/justinfargnoli/Documents/projects/sil-alive/swift-project/build/Ninja-ReleaseAssert/swift-macosx-x86_64/bin/swiftc -target x86_64-apple-macosx10.15  -module-cache-path /Users/justinfargnoli/Documents/projects/sil-alive/swift-project/build/Ninja-ReleaseAssert/swift-macosx-x86_64/swift-test-results/x86_64-apple-macosx10.15/clang-module-cache  -F '/Applications/Xcode.app/Contents/Developer/Platforms/MacOSX.platform/Developer/Library/Frameworks' -toolchain-stdlib-rpath -Xlinker -rpath -Xlinker '/Applications/Xcode.app/Contents/Developer/Platforms/MacOSX.platform/Developer/Library/Frameworks' -Xlinker -rpath -Xlinker /usr/lib/swift -Xlinker -headerpad_max_install_names  -swift-version 4  -Xfrontend -define-availability -Xfrontend 'SwiftStdlib 5.5:macOS 12.0, iOS 15.0, watchOS 8.0, tvOS 15.0'  -F '/Users/justinfargnoli/Documents/projects/sil-alive/swift-project/build/Ninja-ReleaseAssert/swift-macosx-x86_64/lib' -Xlinker -rpath -Xlinker '/Users/justinfargnoli/Documents/projects/sil-alive/swift-project/build/Ninja-ReleaseAssert/swift-macosx-x86_64/lib' -O -wmo -parse-as-library -cross-module-optimization -emit-module -emit-module-path=/Users/justinfargnoli/Documents/projects/sil-alive/swift-project/build/Ninja-ReleaseAssert/swift-macosx-x86_64/test-macosx-x86_64/SILOptimizer/Output/cross-module-optimization-objc.swift.tmp/Test.swiftmodule -module-name=Test -I/Users/justinfargnoli/Documents/projects/sil-alive/swift-project/build/Ninja-ReleaseAssert/swift-macosx-x86_64/test-macosx-x86_64/SILOptimizer/Output/cross-module-optimization-objc.swift.tmp /Users/justinfargnoli/Documents/projects/sil-alive/swift-project/swift/test/SILOptimizer/Inputs/cross-module-objc.swift -c -o /Users/justinfargnoli/Documents/projects/sil-alive/swift-project/build/Ninja-ReleaseAssert/swift-macosx-x86_64/test-macosx-x86_64/SILOptimizer/Output/cross-module-optimization-objc.swift.tmp/test.o
: 'RUN: at line 5';   xcrun --toolchain default --sdk '/Applications/Xcode.app/Contents/Developer/Platforms/MacOSX.platform/Developer/SDKs/MacOSX11.3.sdk' /Users/justinfargnoli/Documents/projects/sil-alive/swift-project/build/Ninja-ReleaseAssert/swift-macosx-x86_64/bin/swiftc -target x86_64-apple-macosx10.15  -module-cache-path /Users/justinfargnoli/Documents/projects/sil-alive/swift-project/build/Ninja-ReleaseAssert/swift-macosx-x86_64/swift-test-results/x86_64-apple-macosx10.15/clang-module-cache  -F '/Applications/Xcode.app/Contents/Developer/Platforms/MacOSX.platform/Developer/Library/Frameworks' -toolchain-stdlib-rpath -Xlinker -rpath -Xlinker '/Applications/Xcode.app/Contents/Developer/Platforms/MacOSX.platform/Developer/Library/Frameworks' -Xlinker -rpath -Xlinker /usr/lib/swift -Xlinker -headerpad_max_install_names  -swift-version 4  -Xfrontend -define-availability -Xfrontend 'SwiftStdlib 5.5:macOS 12.0, iOS 15.0, watchOS 8.0, tvOS 15.0'  -F '/Users/justinfargnoli/Documents/projects/sil-alive/swift-project/build/Ninja-ReleaseAssert/swift-macosx-x86_64/lib' -Xlinker -rpath -Xlinker '/Users/justinfargnoli/Documents/projects/sil-alive/swift-project/build/Ninja-ReleaseAssert/swift-macosx-x86_64/lib' -O -wmo -module-name=Main -I/Users/justinfargnoli/Documents/projects/sil-alive/swift-project/build/Ninja-ReleaseAssert/swift-macosx-x86_64/test-macosx-x86_64/SILOptimizer/Output/cross-module-optimization-objc.swift.tmp /Users/justinfargnoli/Documents/projects/sil-alive/swift-project/swift/test/SILOptimizer/cross-module-optimization-objc.swift -c -o /Users/justinfargnoli/Documents/projects/sil-alive/swift-project/build/Ninja-ReleaseAssert/swift-macosx-x86_64/test-macosx-x86_64/SILOptimizer/Output/cross-module-optimization-objc.swift.tmp/main.o
: 'RUN: at line 6';   xcrun --toolchain default --sdk '/Applications/Xcode.app/Contents/Developer/Platforms/MacOSX.platform/Developer/SDKs/MacOSX11.3.sdk' /Users/justinfargnoli/Documents/projects/sil-alive/swift-project/build/Ninja-ReleaseAssert/swift-macosx-x86_64/bin/swiftc -toolchain-stdlib-rpath -target x86_64-apple-macosx10.15  -module-cache-path /Users/justinfargnoli/Documents/projects/sil-alive/swift-project/build/Ninja-ReleaseAssert/swift-macosx-x86_64/swift-test-results/x86_64-apple-macosx10.15/clang-module-cache -Xlinker -headerpad_max_install_names -Xlinker -rpath -Xlinker /usr/lib/swift  -Xfrontend -define-availability -Xfrontend 'SwiftStdlib 5.5:macOS 12.0, iOS 15.0, watchOS 8.0, tvOS 15.0'  /Users/justinfargnoli/Documents/projects/sil-alive/swift-project/build/Ninja-ReleaseAssert/swift-macosx-x86_64/test-macosx-x86_64/SILOptimizer/Output/cross-module-optimization-objc.swift.tmp/main.o /Users/justinfargnoli/Documents/projects/sil-alive/swift-project/build/Ninja-ReleaseAssert/swift-macosx-x86_64/test-macosx-x86_64/SILOptimizer/Output/cross-module-optimization-objc.swift.tmp/test.o -o /Users/justinfargnoli/Documents/projects/sil-alive/swift-project/build/Ninja-ReleaseAssert/swift-macosx-x86_64/test-macosx-x86_64/SILOptimizer/Output/cross-module-optimization-objc.swift.tmp/a.out
: 'RUN: at line 7';   /Users/justinfargnoli/Documents/projects/sil-alive/swift-project/swift/utils/swift-darwin-postprocess.py /Users/justinfargnoli/Documents/projects/sil-alive/swift-project/build/Ninja-ReleaseAssert/swift-macosx-x86_64/test-macosx-x86_64/SILOptimizer/Output/cross-module-optimization-objc.swift.tmp/a.out
: 'RUN: at line 8';   /usr/bin/env DYLD_LIBRARY_PATH='/Users/justinfargnoli/Documents/projects/sil-alive/swift-project/build/Ninja-ReleaseAssert/swift-macosx-x86_64/lib/swift/macosx' LD_LIBRARY_PATH='/Users/justinfargnoli/Documents/projects/sil-alive/swift-project/build/Ninja-ReleaseAssert/swift-macosx-x86_64/lib/swift/macosx:' SIMCTL_CHILD_DYLD_LIBRARY_PATH='/Users/justinfargnoli/Documents/projects/sil-alive/swift-project/build/Ninja-ReleaseAssert/swift-macosx-x86_64/lib/swift/macosx'  /Users/justinfargnoli/Documents/projects/sil-alive/swift-project/build/Ninja-ReleaseAssert/swift-macosx-x86_64/test-macosx-x86_64/SILOptimizer/Output/cross-module-optimization-objc.swift.tmp/a.out | /Library/Frameworks/Python.framework/Versions/3.9/bin/python3 /Users/justinfargnoli/Documents/projects/sil-alive/swift-project/swift/utils/PathSanitizingFileCheck --sanitize BUILD_DIR=/Users/justinfargnoli/Documents/projects/sil-alive/swift-project/build/Ninja-ReleaseAssert/swift-macosx-x86_64 --sanitize SOURCE_DIR=/Users/justinfargnoli/Documents/projects/sil-alive/swift-project/swift --use-filecheck /Users/justinfargnoli/Documents/projects/sil-alive/swift-project/build/Ninja-ReleaseAssert/llvm-macosx-x86_64/bin/FileCheck  /Users/justinfargnoli/Documents/projects/sil-alive/swift-project/swift/test/SILOptimizer/cross-module-optimization-objc.swift -check-prefix=CHECK-OUTPUT
: 'RUN: at line 12';   xcrun --toolchain default --sdk '/Applications/Xcode.app/Contents/Developer/Platforms/MacOSX.platform/Developer/SDKs/MacOSX11.3.sdk' /Users/justinfargnoli/Documents/projects/sil-alive/swift-project/build/Ninja-ReleaseAssert/swift-macosx-x86_64/bin/swiftc -target x86_64-apple-macosx10.15  -module-cache-path /Users/justinfargnoli/Documents/projects/sil-alive/swift-project/build/Ninja-ReleaseAssert/swift-macosx-x86_64/swift-test-results/x86_64-apple-macosx10.15/clang-module-cache  -F '/Applications/Xcode.app/Contents/Developer/Platforms/MacOSX.platform/Developer/Library/Frameworks' -toolchain-stdlib-rpath -Xlinker -rpath -Xlinker '/Applications/Xcode.app/Contents/Developer/Platforms/MacOSX.platform/Developer/Library/Frameworks' -Xlinker -rpath -Xlinker /usr/lib/swift -Xlinker -headerpad_max_install_names  -swift-version 4  -Xfrontend -define-availability -Xfrontend 'SwiftStdlib 5.5:macOS 12.0, iOS 15.0, watchOS 8.0, tvOS 15.0'  -F '/Users/justinfargnoli/Documents/projects/sil-alive/swift-project/build/Ninja-ReleaseAssert/swift-macosx-x86_64/lib' -Xlinker -rpath -Xlinker '/Users/justinfargnoli/Documents/projects/sil-alive/swift-project/build/Ninja-ReleaseAssert/swift-macosx-x86_64/lib' -Onone -wmo -module-name=Main -I/Users/justinfargnoli/Documents/projects/sil-alive/swift-project/build/Ninja-ReleaseAssert/swift-macosx-x86_64/test-macosx-x86_64/SILOptimizer/Output/cross-module-optimization-objc.swift.tmp /Users/justinfargnoli/Documents/projects/sil-alive/swift-project/swift/test/SILOptimizer/cross-module-optimization-objc.swift -c -o /Users/justinfargnoli/Documents/projects/sil-alive/swift-project/build/Ninja-ReleaseAssert/swift-macosx-x86_64/test-macosx-x86_64/SILOptimizer/Output/cross-module-optimization-objc.swift.tmp/main-onone.o
: 'RUN: at line 13';   xcrun --toolchain default --sdk '/Applications/Xcode.app/Contents/Developer/Platforms/MacOSX.platform/Developer/SDKs/MacOSX11.3.sdk' /Users/justinfargnoli/Documents/projects/sil-alive/swift-project/build/Ninja-ReleaseAssert/swift-macosx-x86_64/bin/swiftc -toolchain-stdlib-rpath -target x86_64-apple-macosx10.15  -module-cache-path /Users/justinfargnoli/Documents/projects/sil-alive/swift-project/build/Ninja-ReleaseAssert/swift-macosx-x86_64/swift-test-results/x86_64-apple-macosx10.15/clang-module-cache -Xlinker -headerpad_max_install_names -Xlinker -rpath -Xlinker /usr/lib/swift  -Xfrontend -define-availability -Xfrontend 'SwiftStdlib 5.5:macOS 12.0, iOS 15.0, watchOS 8.0, tvOS 15.0'  /Users/justinfargnoli/Documents/projects/sil-alive/swift-project/build/Ninja-ReleaseAssert/swift-macosx-x86_64/test-macosx-x86_64/SILOptimizer/Output/cross-module-optimization-objc.swift.tmp/main-onone.o /Users/justinfargnoli/Documents/projects/sil-alive/swift-project/build/Ninja-ReleaseAssert/swift-macosx-x86_64/test-macosx-x86_64/SILOptimizer/Output/cross-module-optimization-objc.swift.tmp/test.o -o /Users/justinfargnoli/Documents/projects/sil-alive/swift-project/build/Ninja-ReleaseAssert/swift-macosx-x86_64/test-macosx-x86_64/SILOptimizer/Output/cross-module-optimization-objc.swift.tmp/a.out
: 'RUN: at line 14';   /Users/justinfargnoli/Documents/projects/sil-alive/swift-project/swift/utils/swift-darwin-postprocess.py /Users/justinfargnoli/Documents/projects/sil-alive/swift-project/build/Ninja-ReleaseAssert/swift-macosx-x86_64/test-macosx-x86_64/SILOptimizer/Output/cross-module-optimization-objc.swift.tmp/a.out
: 'RUN: at line 15';   /usr/bin/env DYLD_LIBRARY_PATH='/Users/justinfargnoli/Documents/projects/sil-alive/swift-project/build/Ninja-ReleaseAssert/swift-macosx-x86_64/lib/swift/macosx' LD_LIBRARY_PATH='/Users/justinfargnoli/Documents/projects/sil-alive/swift-project/build/Ninja-ReleaseAssert/swift-macosx-x86_64/lib/swift/macosx:' SIMCTL_CHILD_DYLD_LIBRARY_PATH='/Users/justinfargnoli/Documents/projects/sil-alive/swift-project/build/Ninja-ReleaseAssert/swift-macosx-x86_64/lib/swift/macosx'  /Users/justinfargnoli/Documents/projects/sil-alive/swift-project/build/Ninja-ReleaseAssert/swift-macosx-x86_64/test-macosx-x86_64/SILOptimizer/Output/cross-module-optimization-objc.swift.tmp/a.out | /Library/Frameworks/Python.framework/Versions/3.9/bin/python3 /Users/justinfargnoli/Documents/projects/sil-alive/swift-project/swift/utils/PathSanitizingFileCheck --sanitize BUILD_DIR=/Users/justinfargnoli/Documents/projects/sil-alive/swift-project/build/Ninja-ReleaseAssert/swift-macosx-x86_64 --sanitize SOURCE_DIR=/Users/justinfargnoli/Documents/projects/sil-alive/swift-project/swift --use-filecheck /Users/justinfargnoli/Documents/projects/sil-alive/swift-project/build/Ninja-ReleaseAssert/llvm-macosx-x86_64/bin/FileCheck  /Users/justinfargnoli/Documents/projects/sil-alive/swift-project/swift/test/SILOptimizer/cross-module-optimization-objc.swift -check-prefix=CHECK-OUTPUT
: 'RUN: at line 22';   xcrun --toolchain default --sdk '/Applications/Xcode.app/Contents/Developer/Platforms/MacOSX.platform/Developer/SDKs/MacOSX11.3.sdk' /Users/justinfargnoli/Documents/projects/sil-alive/swift-project/build/Ninja-ReleaseAssert/swift-macosx-x86_64/bin/swiftc -target x86_64-apple-macosx10.15  -module-cache-path /Users/justinfargnoli/Documents/projects/sil-alive/swift-project/build/Ninja-ReleaseAssert/swift-macosx-x86_64/swift-test-results/x86_64-apple-macosx10.15/clang-module-cache  -F '/Applications/Xcode.app/Contents/Developer/Platforms/MacOSX.platform/Developer/Library/Frameworks' -toolchain-stdlib-rpath -Xlinker -rpath -Xlinker '/Applications/Xcode.app/Contents/Developer/Platforms/MacOSX.platform/Developer/Library/Frameworks' -Xlinker -rpath -Xlinker /usr/lib/swift -Xlinker -headerpad_max_install_names  -swift-version 4  -Xfrontend -define-availability -Xfrontend 'SwiftStdlib 5.5:macOS 12.0, iOS 15.0, watchOS 8.0, tvOS 15.0'  -F '/Users/justinfargnoli/Documents/projects/sil-alive/swift-project/build/Ninja-ReleaseAssert/swift-macosx-x86_64/lib' -Xlinker -rpath -Xlinker '/Users/justinfargnoli/Documents/projects/sil-alive/swift-project/build/Ninja-ReleaseAssert/swift-macosx-x86_64/lib' -O -wmo -module-name=Main -I/Users/justinfargnoli/Documents/projects/sil-alive/swift-project/build/Ninja-ReleaseAssert/swift-macosx-x86_64/test-macosx-x86_64/SILOptimizer/Output/cross-module-optimization-objc.swift.tmp /Users/justinfargnoli/Documents/projects/sil-alive/swift-project/swift/test/SILOptimizer/cross-module-optimization-objc.swift -Xllvm -sil-disable-pass=FunctionSignatureOpts -emit-sil | /Library/Frameworks/Python.framework/Versions/3.9/bin/python3 /Users/justinfargnoli/Documents/projects/sil-alive/swift-project/swift/utils/PathSanitizingFileCheck --sanitize BUILD_DIR=/Users/justinfargnoli/Documents/projects/sil-alive/swift-project/build/Ninja-ReleaseAssert/swift-macosx-x86_64 --sanitize SOURCE_DIR=/Users/justinfargnoli/Documents/projects/sil-alive/swift-project/swift --use-filecheck /Users/justinfargnoli/Documents/projects/sil-alive/swift-project/build/Ninja-ReleaseAssert/llvm-macosx-x86_64/bin/FileCheck  /Users/justinfargnoli/Documents/projects/sil-alive/swift-project/swift/test/SILOptimizer/cross-module-optimization-objc.swift -check-prefix=CHECK-SIL
--
Exit Code: 1

Command Output (stderr):
--
Undefined symbols for architecture x86_64:
  "__ZSt9terminatev", referenced from:
      ___clang_call_terminate in libswiftCompatibility51.a(ProtocolConformance.cpp.o)
  "___cxa_begin_catch", referenced from:
      ___clang_call_terminate in libswiftCompatibility51.a(ProtocolConformance.cpp.o)
  "___gxx_personality_v0", referenced from:
      __ZN5swift39swift51override_conformsToSwiftProtocolEPKNS_14TargetMetadataINS_9InProcessEEEPKNS_24TargetProtocolDescriptorIS1_EEN7__swift9__runtime4llvm9StringRefEPFPKNS_35TargetProtocolConformanceDescriptorIS1_EES4_S8_SC_E in libswiftCompatibility51.a(ProtocolConformance.cpp.o)
      __ZN5swift4LazyIN12_GLOBAL__N_116ConformanceStateEE19defaultInitCallbackEPv in libswiftCompatibility51.a(ProtocolConformance.cpp.o)
      __ZN12_GLOBAL__N_116addImageCallbackEPK11mach_header in libswiftCompatibility51.a(ProtocolConformance.cpp.o)
      Dwarf Exception Unwind Info (__eh_frame) in libswiftCompatibility51.a(ProtocolConformance.cpp.o)
ld: symbol(s) not found for architecture x86_64

--

